c:\users\frances\desktop\project2\project2\release\vc140.pdb
c:\users\frances\desktop\project2\project2\release\vec3f.obj
c:\users\frances\desktop\project2\project2\release\ppm_canvas.obj
c:\users\frances\desktop\project2\project2\release\main.obj
c:\users\frances\desktop\project2\project2\release\sliding.obj
c:\users\frances\desktop\project2\project2\release\rolling.obj
c:\users\frances\desktop\project2\project2\release\constants.obj
c:\users\frances\desktop\project2\project2\release\cue-ball.obj
c:\users\frances\desktop\project2\project2\release\collisions.obj
c:\users\frances\desktop\project2\release\project2.exe
c:\users\frances\desktop\project2\release\project2.ipdb
c:\users\frances\desktop\project2\release\project2.iobj
c:\users\frances\desktop\project2\release\project2.pdb
c:\users\frances\desktop\project2\project2\release\project2.tlog\cl.command.1.tlog
c:\users\frances\desktop\project2\project2\release\project2.tlog\cl.read.1.tlog
c:\users\frances\desktop\project2\project2\release\project2.tlog\cl.write.1.tlog
c:\users\frances\desktop\project2\project2\release\project2.tlog\link.command.1.tlog
c:\users\frances\desktop\project2\project2\release\project2.tlog\link.read.1.tlog
c:\users\frances\desktop\project2\project2\release\project2.tlog\link.read.2.tlog
c:\users\frances\desktop\project2\project2\release\project2.tlog\link.read.5.tlog
c:\users\frances\desktop\project2\project2\release\project2.tlog\link.write.1.tlog
